Using pre-set license
Built from '2020.3/staging' branch; Version is '2020.3.20f1 (41c4e627c95f) revision 4310246'; Using compiler version '192528614'; Build Type 'Release'
OS: 'Windows 10 Home; OS build 22000.194; Version 2009; 64bit' Language: 'en' Physical Memory: 16263 MB
BatchMode: 1, IsHumanControllingUs: 0, StartBugReporterOnCrash: 0, Is64bit: 1, IsPro: 0

COMMAND LINE ARGUMENTS:
D:\Unity\2020.3.20f1\Editor\Unity.exe
-adb2
-batchMode
-noUpm
-name
AssetImportWorker0
-projectPath
D:/Repos/Code-Hexa/Hexa
-logFile
Logs/AssetImportWorker0.log
-srvPort
63966
Successfully changed project path to: D:/Repos/Code-Hexa/Hexa
D:/Repos/Code-Hexa/Hexa
Using Asset Import Pipeline V2.
Refreshing native plugins compatible for Editor in 142.42 ms, found 3 plugins.
Preloading 0 native plugins for Editor in 0.00 ms.
Initialize engine version: 2020.3.20f1 (41c4e627c95f)
[Subsystems] Discovering subsystems at path D:/Unity/2020.3.20f1/Editor/Data/Resources/UnitySubsystems
[Subsystems] Discovering subsystems at path D:/Repos/Code-Hexa/Hexa/Assets
GfxDevice: creating device client; threaded=0
Direct3D:
    Version:  Direct3D 11.0 [level 11.1]
    Renderer: NVIDIA GeForce GTX 1060 with Max-Q Design (ID=0x1c20)
    Vendor:   
    VRAM:     6052 MB
    Driver:   30.0.14.7212
Initialize mono
Mono path[0] = 'D:/Unity/2020.3.20f1/Editor/Data/Managed'
Mono path[1] = 'D:/Unity/2020.3.20f1/Editor/Data/MonoBleedingEdge/lib/mono/unityjit'
Mono config path = 'D:/Unity/2020.3.20f1/Editor/Data/MonoBleedingEdge/etc'
Using monoOptions --debugger-agent=transport=dt_socket,embedding=1,server=y,suspend=n,address=127.0.0.1:56400
Begin MonoManager ReloadAssembly
Registering precompiled unity dll's ...
Register platform support module: D:/Unity/2020.3.20f1/Editor/Data/PlaybackEngines/WindowsStandaloneSupport/UnityEditor.WindowsStandalone.Extensions.dll
Registered in 0.000992 seconds.
Native extension for WindowsStandalone target not found
Refreshing native plugins compatible for Editor in 140.03 ms, found 3 plugins.
Preloading 0 native plugins for Editor in 0.00 ms.
Mono: successfully reloaded assembly
- Completed reload, in  1.181 seconds
Domain Reload Profiling:
	ReloadAssembly (1181ms)
		BeginReloadAssembly (53ms)
			ExecutionOrderSort (0ms)
			DisableScriptedObjects (0ms)
			BackupInstance (0ms)
			ReleaseScriptingObjects (0ms)
			CreateAndSetChildDomain (1ms)
		EndReloadAssembly (530ms)
			LoadAssemblies (52ms)
			RebuildTransferFunctionScriptingTraits (0ms)
			SetupTypeCache (152ms)
			ReleaseScriptCaches (0ms)
			RebuildScriptCaches (36ms)
			SetupLoadedEditorAssemblies (271ms)
				LogAssemblyErrors (0ms)
				InitializePlatformSupportModulesInManaged (4ms)
				SetLoadedEditorAssemblies (0ms)
				RefreshPlugins (140ms)
				BeforeProcessingInitializeOnLoad (15ms)
				ProcessInitializeOnLoadAttributes (83ms)
				ProcessInitializeOnLoadMethodAttributes (29ms)
				AfterProcessingInitializeOnLoad (0ms)
				EditorAssembliesLoaded (0ms)
			ExecutionOrderSort2 (0ms)
			AwakeInstancesAfterBackupRestoration (0ms)
Platform modules already initialized, skipping
Registering precompiled user dll's ...
Registered in 0.008972 seconds.
Begin MonoManager ReloadAssembly
Symbol file LoadedFromMemory doesn't match image D:\Repos\Code-Hexa\Hexa\Library\PackageCache\com.unity.visualscripting@1.7.3\Editor\VisualScripting.Core\Dependencies\YamlDotNet\Unity.VisualScripting.YamlDotNet.dll
Symbol file LoadedFromMemory doesn't match image D:\Repos\Code-Hexa\Hexa\Library\PackageCache\com.unity.visualscripting@1.7.3\Editor\VisualScripting.Core\Dependencies\DotNetZip\Unity.VisualScripting.IonicZip.dll
Native extension for WindowsStandalone target not found
Refreshing native plugins compatible for Editor in 148.85 ms, found 3 plugins.
Preloading 0 native plugins for Editor in 0.00 ms.
Mono: successfully reloaded assembly
- Completed reload, in  2.777 seconds
Domain Reload Profiling:
	ReloadAssembly (2777ms)
		BeginReloadAssembly (150ms)
			ExecutionOrderSort (0ms)
			DisableScriptedObjects (5ms)
			BackupInstance (0ms)
			ReleaseScriptingObjects (0ms)
			CreateAndSetChildDomain (19ms)
		EndReloadAssembly (2572ms)
			LoadAssemblies (111ms)
			RebuildTransferFunctionScriptingTraits (0ms)
			SetupTypeCache (458ms)
			ReleaseScriptCaches (1ms)
			RebuildScriptCaches (139ms)
			SetupLoadedEditorAssemblies (1746ms)
				LogAssemblyErrors (0ms)
				InitializePlatformSupportModulesInManaged (5ms)
				SetLoadedEditorAssemblies (0ms)
				RefreshPlugins (149ms)
				BeforeProcessingInitializeOnLoad (137ms)
				ProcessInitializeOnLoadAttributes (1275ms)
				ProcessInitializeOnLoadMethodAttributes (178ms)
				AfterProcessingInitializeOnLoad (2ms)
				EditorAssembliesLoaded (0ms)
			ExecutionOrderSort2 (0ms)
			AwakeInstancesAfterBackupRestoration (7ms)
Platform modules already initialized, skipping
========================================================================
Worker process is ready to serve import requests
Launched and connected shader compiler UnityShaderCompiler.exe after 0.05 seconds
Refreshing native plugins compatible for Editor in 2.23 ms, found 3 plugins.
Preloading 0 native plugins for Editor in 0.00 ms.
Unloading 5737 Unused Serialized files (Serialized files now loaded: 0)
System memory in use before: 241.2 MB.
System memory in use after: 241.6 MB.

Unloading 40 unused Assets to reduce memory usage. Loaded Objects now: 6513.
Total: 55.960400 ms (FindLiveObjects: 1.064700 ms CreateObjectMapping: 0.797400 ms MarkObjects: 53.918200 ms  DeleteObjects: 0.177600 ms)

AssetImportParameters requested are different than current active one (requested -> active):
  custom:framework-win-MediaFoundation: 216162199b28c13a410421893ffa2e32 -> 
  custom:video-decoder-ogg-theora: a1e56fd34408186e4bbccfd4996cb3dc -> 
  custom:container-muxer-webm: aa71ff27fc2769a1b78a27578f13a17b -> 
  custom:container-demuxer-webm: 4f35f7cbe854078d1ac9338744f61a02 -> 
  custom:container-demuxer-ogg: 62fdf1f143b41e24485cea50d1cbac27 -> 
  custom:video-encoder-webm-vp8: eb34c28f22e8b96e1ab97ce403110664 -> 
  custom:video-decoder-webm-vp8: 9c59270c3fd7afecdb556c50c9e8de78 -> 
  custom:audio-decoder-ogg-vorbis: bf7c407c2cedff20999df2af8eb42d56 -> 
  custom:audio-encoder-webm-vorbis: bf7c407c2cedff20999df2af8eb42d56 -> 
========================================================================
Received Import Request.
  path: Assets/Art/Shaders/Parallaxeoffset.shadersubgraph
  artifactKey: Guid(65d80a5cc6ba9414e8b54215412e419f) Importer(815301076,1909f56bfc062723c751e8b465ee728b)
Start importing Assets/Art/Shaders/Parallaxeoffset.shadersubgraph using Guid(65d80a5cc6ba9414e8b54215412e419f) Importer(815301076,1909f56bfc062723c751e8b465ee728b)  -> (artifact id: '3ef6b2e45d1aaf8bc42612b9167552ea') in 0.050949 seconds 
  Import took 0.061446 seconds .

========================================================================
Received Import Request.
  Time since last request: 4.551610 seconds.
  path: Assets/Art/Shaders/EnviormentShader.shadergraph
  artifactKey: Guid(7125369d286fe7048bb4103ff8199fb2) Importer(815301076,1909f56bfc062723c751e8b465ee728b)
Start importing Assets/Art/Shaders/EnviormentShader.shadergraph using Guid(7125369d286fe7048bb4103ff8199fb2) Importer(815301076,1909f56bfc062723c751e8b465ee728b)  -> (artifact id: 'b15c70e5c76ceb728fc4d4aeaf9474dd') in 0.008127 seconds 
  Import took 0.017499 seconds .

========================================================================
Received Import Request.
  Time since last request: 13.669296 seconds.
  path: Assets/Art/Shaders/CustomLit.shadergraph
  artifactKey: Guid(58fd8a90a2d947840bf67e30d9f3ef4e) Importer(815301076,1909f56bfc062723c751e8b465ee728b)
Start importing Assets/Art/Shaders/CustomLit.shadergraph using Guid(58fd8a90a2d947840bf67e30d9f3ef4e) Importer(815301076,1909f56bfc062723c751e8b465ee728b)  -> (artifact id: '75e25623fff5cee4d0a52b361e21bdd6') in 0.002890 seconds 
  Import took 0.012025 seconds .

========================================================================
Received Import Request.
  Time since last request: 34.964339 seconds.
  path: Assets/Art/Shaders/CustomLit.shadergraph
  artifactKey: Guid(58fd8a90a2d947840bf67e30d9f3ef4e) Importer(815301076,1909f56bfc062723c751e8b465ee728b)
Start importing Assets/Art/Shaders/CustomLit.shadergraph using Guid(58fd8a90a2d947840bf67e30d9f3ef4e) Importer(815301076,1909f56bfc062723c751e8b465ee728b)  -> (artifact id: '9f8d00b078bd3adbb8132992c0937b77') in 0.002740 seconds 
  Import took 0.012580 seconds .

========================================================================
Received Prepare
Registering precompiled user dll's ...
Registered in 0.009860 seconds.
Begin MonoManager ReloadAssembly
Symbol file LoadedFromMemory doesn't match image D:\Repos\Code-Hexa\Hexa\Library\PackageCache\com.unity.visualscripting@1.7.3\Editor\VisualScripting.Core\Dependencies\YamlDotNet\Unity.VisualScripting.YamlDotNet.dll
Symbol file LoadedFromMemory doesn't match image D:\Repos\Code-Hexa\Hexa\Library\PackageCache\com.unity.visualscripting@1.7.3\Editor\VisualScripting.Core\Dependencies\DotNetZip\Unity.VisualScripting.IonicZip.dll
Native extension for WindowsStandalone target not found
Refreshing native plugins compatible for Editor in 1.69 ms, found 3 plugins.
Preloading 0 native plugins for Editor in 0.00 ms.
Mono: successfully reloaded assembly
- Completed reload, in  2.926 seconds
Domain Reload Profiling:
	ReloadAssembly (2927ms)
		BeginReloadAssembly (190ms)
			ExecutionOrderSort (0ms)
			DisableScriptedObjects (6ms)
			BackupInstance (0ms)
			ReleaseScriptingObjects (0ms)
			CreateAndSetChildDomain (83ms)
		EndReloadAssembly (2668ms)
			LoadAssemblies (129ms)
			RebuildTransferFunctionScriptingTraits (0ms)
			SetupTypeCache (534ms)
			ReleaseScriptCaches (2ms)
			RebuildScriptCaches (114ms)
			SetupLoadedEditorAssemblies (1695ms)
				LogAssemblyErrors (0ms)
				InitializePlatformSupportModulesInManaged (5ms)
				SetLoadedEditorAssemblies (1ms)
				RefreshPlugins (2ms)
				BeforeProcessingInitializeOnLoad (130ms)
				ProcessInitializeOnLoadAttributes (1521ms)
				ProcessInitializeOnLoadMethodAttributes (34ms)
				AfterProcessingInitializeOnLoad (2ms)
				EditorAssembliesLoaded (0ms)
			ExecutionOrderSort2 (0ms)
			AwakeInstancesAfterBackupRestoration (23ms)
Platform modules already initialized, skipping
Refreshing native plugins compatible for Editor in 1.32 ms, found 3 plugins.
Preloading 0 native plugins for Editor in 0.00 ms.
Unloading 5439 Unused Serialized files (Serialized files now loaded: 0)
System memory in use before: 224.3 MB.
System memory in use after: 224.7 MB.

Unloading 33 unused Assets to reduce memory usage. Loaded Objects now: 6515.
Total: 41.096800 ms (FindLiveObjects: 1.211900 ms CreateObjectMapping: 0.780200 ms MarkObjects: 39.057100 ms  DeleteObjects: 0.045500 ms)

AssetImportParameters requested are different than current active one (requested -> active):
  custom:framework-win-MediaFoundation: 216162199b28c13a410421893ffa2e32 -> 
  custom:video-decoder-ogg-theora: a1e56fd34408186e4bbccfd4996cb3dc -> 
  custom:container-muxer-webm: aa71ff27fc2769a1b78a27578f13a17b -> 
  custom:container-demuxer-webm: 4f35f7cbe854078d1ac9338744f61a02 -> 
  custom:container-demuxer-ogg: 62fdf1f143b41e24485cea50d1cbac27 -> 
  custom:video-encoder-webm-vp8: eb34c28f22e8b96e1ab97ce403110664 -> 
  custom:video-decoder-webm-vp8: 9c59270c3fd7afecdb556c50c9e8de78 -> 
  custom:audio-decoder-ogg-vorbis: bf7c407c2cedff20999df2af8eb42d56 -> 
  custom:audio-encoder-webm-vorbis: bf7c407c2cedff20999df2af8eb42d56 -> 
========================================================================
Received Import Request.
  Time since last request: 903.039566 seconds.
  path: Assets/3rdParty/SurvivalCraftIcons/SurvivalCraftIcons_png/resources/paint_c.png
  artifactKey: Guid(1042acc2a54eaa24992e7bb053cf4afd) Importer(815301076,1909f56bfc062723c751e8b465ee728b)
Start importing Assets/3rdParty/SurvivalCraftIcons/SurvivalCraftIcons_png/resources/paint_c.png using Guid(1042acc2a54eaa24992e7bb053cf4afd) Importer(815301076,1909f56bfc062723c751e8b465ee728b)  -> (artifact id: '9488bdfe3dd68385474c553c85a9ce59') in 0.108615 seconds 
  Import took 0.117741 seconds .

========================================================================
Received Import Request.
  Time since last request: 0.000465 seconds.
  path: Assets/3rdParty/SurvivalCraftIcons/SurvivalCraftIcons_png/resources/paper.png
  artifactKey: Guid(de5461a48ddffae48ad865bf86d5076d) Importer(815301076,1909f56bfc062723c751e8b465ee728b)
Start importing Assets/3rdParty/SurvivalCraftIcons/SurvivalCraftIcons_png/resources/paper.png using Guid(de5461a48ddffae48ad865bf86d5076d) Importer(815301076,1909f56bfc062723c751e8b465ee728b)  -> (artifact id: '84c6e8497f927c5ce31518af76c31b33') in 0.016035 seconds 
  Import took 0.026403 seconds .

========================================================================
Received Import Request.
  Time since last request: 0.000812 seconds.
  path: Assets/3rdParty/SurvivalCraftIcons/SurvivalCraftIcons_png/other/pallet.png
  artifactKey: Guid(86997b00725d47d458a3cd3b04093c88) Importer(815301076,1909f56bfc062723c751e8b465ee728b)
Start importing Assets/3rdParty/SurvivalCraftIcons/SurvivalCraftIcons_png/other/pallet.png using Guid(86997b00725d47d458a3cd3b04093c88) Importer(815301076,1909f56bfc062723c751e8b465ee728b)  -> (artifact id: '771a97b3b17531ad47fd72682de9143a') in 0.019240 seconds 
  Import took 0.030578 seconds .

========================================================================
Received Import Request.
  Time since last request: 0.417255 seconds.
  path: Assets/Scenes/SampleScene/Lightmap-0_comp_light.exr
  artifactKey: Guid(a6158b9874b1fcd4c88072bf39916186) Importer(815301076,1909f56bfc062723c751e8b465ee728b)
Start importing Assets/Scenes/SampleScene/Lightmap-0_comp_light.exr using Guid(a6158b9874b1fcd4c88072bf39916186) Importer(815301076,1909f56bfc062723c751e8b465ee728b)  -> (artifact id: '524e7db70219a51e5fac50e34b654440') in 0.012917 seconds 
  Import took 0.022642 seconds .

========================================================================
Received Import Request.
  Time since last request: 1.251806 seconds.
  path: Assets/3rdParty/tripolygon/UModeler/Icons/Icon_UVEditor_Alignment_AlignVertCenter.png
  artifactKey: Guid(cd42ca12273c0474d80d3243d3a551db) Importer(815301076,1909f56bfc062723c751e8b465ee728b)
Start importing Assets/3rdParty/tripolygon/UModeler/Icons/Icon_UVEditor_Alignment_AlignVertCenter.png using Guid(cd42ca12273c0474d80d3243d3a551db) Importer(815301076,1909f56bfc062723c751e8b465ee728b)  -> (artifact id: '0d8d973f362b69f80eb4939b6572b4de') in 0.007957 seconds 
  Import took 0.017051 seconds .

========================================================================
Received Import Request.
  Time since last request: 0.000446 seconds.
  path: Assets/3rdParty/tripolygon/UModeler/Icons/Icon_UVEditor_Misc_CrossCursor.png
  artifactKey: Guid(910fe65e51414f049892127b89bd4f11) Importer(815301076,1909f56bfc062723c751e8b465ee728b)
Start importing Assets/3rdParty/tripolygon/UModeler/Icons/Icon_UVEditor_Misc_CrossCursor.png using Guid(910fe65e51414f049892127b89bd4f11) Importer(815301076,1909f56bfc062723c751e8b465ee728b)  -> (artifact id: 'b327558a4f6ad889d126f88c1a2373cd') in 0.007875 seconds 
  Import took 0.017340 seconds .

========================================================================
Received Import Request.
  Time since last request: 0.000440 seconds.
  path: Assets/3rdParty/tripolygon/UModeler/Icons/Icon_Remove_CombinePolygons.png
  artifactKey: Guid(9aa636a58b8f93b468d710e8b745a9b6) Importer(815301076,1909f56bfc062723c751e8b465ee728b)
Start importing Assets/3rdParty/tripolygon/UModeler/Icons/Icon_Remove_CombinePolygons.png using Guid(9aa636a58b8f93b468d710e8b745a9b6) Importer(815301076,1909f56bfc062723c751e8b465ee728b)  -> (artifact id: '2a044dcd82c3cf3f6617bb82766a30ab') in 0.008303 seconds 
  Import took 0.017191 seconds .

========================================================================
Received Import Request.
  Time since last request: 0.000478 seconds.
  path: Assets/3rdParty/tripolygon/UModeler/Icons/Icon_UVEditor_Misc_Export.png
  artifactKey: Guid(536b2c9355813254485d1c3d45fff092) Importer(815301076,1909f56bfc062723c751e8b465ee728b)
Start importing Assets/3rdParty/tripolygon/UModeler/Icons/Icon_UVEditor_Misc_Export.png using Guid(536b2c9355813254485d1c3d45fff092) Importer(815301076,1909f56bfc062723c751e8b465ee728b)  -> (artifact id: 'dd01b618c964eacca8eb59c31579d6e8') in 0.007828 seconds 
  Import took 0.017106 seconds .

========================================================================
Received Import Request.
  Time since last request: 0.000423 seconds.
  path: Assets/3rdParty/tripolygon/UModeler/Icons/Icon_Remove_Detach.png
  artifactKey: Guid(8a039dbb4d5ec014780ca7f469c09315) Importer(815301076,1909f56bfc062723c751e8b465ee728b)
Start importing Assets/3rdParty/tripolygon/UModeler/Icons/Icon_Remove_Detach.png using Guid(8a039dbb4d5ec014780ca7f469c09315) Importer(815301076,1909f56bfc062723c751e8b465ee728b)  -> (artifact id: '33bf706e3623340424065e1d9a40062f') in 0.009782 seconds 
  Import took 0.018106 seconds .

========================================================================
Received Import Request.
  Time since last request: 0.000501 seconds.
  path: Assets/3rdParty/tripolygon/UModeler/Icons/Icon_Misc_Cursor.png
  artifactKey: Guid(d30b0b4f180c34043907dd1c592e60e8) Importer(815301076,1909f56bfc062723c751e8b465ee728b)
Start importing Assets/3rdParty/tripolygon/UModeler/Icons/Icon_Misc_Cursor.png using Guid(d30b0b4f180c34043907dd1c592e60e8) Importer(815301076,1909f56bfc062723c751e8b465ee728b)  -> (artifact id: '27c1e1d2d303db1d4908645df78d2fe1') in 0.007761 seconds 
  Import took 0.017187 seconds .

========================================================================
Received Import Request.
  Time since last request: 0.000407 seconds.
  path: Assets/3rdParty/tripolygon/UModeler/Icons/Icon_PrimitiveShapes_Capsule.png
  artifactKey: Guid(d6eeb178a8c55d348a713b81eb1b8d0c) Importer(815301076,1909f56bfc062723c751e8b465ee728b)
Start importing Assets/3rdParty/tripolygon/UModeler/Icons/Icon_PrimitiveShapes_Capsule.png using Guid(d6eeb178a8c55d348a713b81eb1b8d0c) Importer(815301076,1909f56bfc062723c751e8b465ee728b)  -> (artifact id: '647091370edbaf038ca07ee47e9073f8') in 0.007602 seconds 
  Import took 0.017218 seconds .

========================================================================
Received Import Request.
  Time since last request: 0.000419 seconds.
  path: Assets/3rdParty/tripolygon/UModeler/Icons/Icon_Misc_PolygonGroup.png
  artifactKey: Guid(ca934382f325ff241839b0929317a5df) Importer(815301076,1909f56bfc062723c751e8b465ee728b)
Start importing Assets/3rdParty/tripolygon/UModeler/Icons/Icon_Misc_PolygonGroup.png using Guid(ca934382f325ff241839b0929317a5df) Importer(815301076,1909f56bfc062723c751e8b465ee728b)  -> (artifact id: 'b68e1d2535d12f0295ab1392cafaf784') in 0.013226 seconds 
  Import took 0.022927 seconds .

========================================================================
Received Import Request.
  Time since last request: 0.000420 seconds.
  path: Assets/Ambiens/Archtoolkit/AT+Materials/Icons/UI/Facebook.png
  artifactKey: Guid(e9a2001c6a712c14a8f4438fd2e6998f) Importer(815301076,1909f56bfc062723c751e8b465ee728b)
Start importing Assets/Ambiens/Archtoolkit/AT+Materials/Icons/UI/Facebook.png using Guid(e9a2001c6a712c14a8f4438fd2e6998f) Importer(815301076,1909f56bfc062723c751e8b465ee728b)  -> (artifact id: 'cc8c0477f0c7f4c7fc7038ec4ee6f0ae') in 0.012986 seconds 
  Import took 0.021661 seconds .

========================================================================
Received Import Request.
  Time since last request: 0.000443 seconds.
  path: Assets/3rdParty/tripolygon/UModeler/Icons/Icon_Misc_Settings.png
  artifactKey: Guid(d920c58597e7e4e4da76cc31da570499) Importer(815301076,1909f56bfc062723c751e8b465ee728b)
Start importing Assets/3rdParty/tripolygon/UModeler/Icons/Icon_Misc_Settings.png using Guid(d920c58597e7e4e4da76cc31da570499) Importer(815301076,1909f56bfc062723c751e8b465ee728b)  -> (artifact id: 'c49e89f18f302b39fa0496fd780ec12d') in 0.008003 seconds 
  Import took 0.016874 seconds .

========================================================================
Received Import Request.
  Time since last request: 0.000422 seconds.
  path: Assets/AT+Materials/AmbientCG/Concrete/Concrete026/Concrete026_PREVIEW.jpg
  artifactKey: Guid(a2e8bd4fe4b57bd438f8d994d2478bb6) Importer(815301076,1909f56bfc062723c751e8b465ee728b)
Start importing Assets/AT+Materials/AmbientCG/Concrete/Concrete026/Concrete026_PREVIEW.jpg using Guid(a2e8bd4fe4b57bd438f8d994d2478bb6) Importer(815301076,1909f56bfc062723c751e8b465ee728b)  -> (artifact id: '83b6c444f7644acbc857a3732fdb7054') in 0.012485 seconds 
  Import took 0.026371 seconds .

========================================================================
Received Import Request.
  Time since last request: 0.000374 seconds.
  path: Assets/3rdParty/tripolygon/UModeler/Icons/Icon_Misc_RefreshObject.png
  artifactKey: Guid(84f114665f54c6347b1eedf28af176ed) Importer(815301076,1909f56bfc062723c751e8b465ee728b)
Start importing Assets/3rdParty/tripolygon/UModeler/Icons/Icon_Misc_RefreshObject.png using Guid(84f114665f54c6347b1eedf28af176ed) Importer(815301076,1909f56bfc062723c751e8b465ee728b)  -> (artifact id: 'ff55b723216bac4534a64d9cfe8cff7c') in 0.007755 seconds 
  Import took 0.016560 seconds .

========================================================================
Received Import Request.
  Time since last request: 0.000418 seconds.
  path: Assets/3rdParty/tripolygon/UModeler/Icons/Icon_Misc_NewUModelerObject.png
  artifactKey: Guid(ca075e22210760242bcbb5b8f27e2117) Importer(815301076,1909f56bfc062723c751e8b465ee728b)
Start importing Assets/3rdParty/tripolygon/UModeler/Icons/Icon_Misc_NewUModelerObject.png using Guid(ca075e22210760242bcbb5b8f27e2117) Importer(815301076,1909f56bfc062723c751e8b465ee728b)  -> (artifact id: '58efa0544487bebeb34f40a763b492e6') in 0.007421 seconds 
  Import took 0.016241 seconds .

========================================================================
Received Import Request.
  Time since last request: 0.000427 seconds.
  path: Assets/3rdParty/tripolygon/UModeler/Icons/Icon_Group_Surface.png
  artifactKey: Guid(0a74d534091f6ca44aab28dbceb81ad7) Importer(815301076,1909f56bfc062723c751e8b465ee728b)
Start importing Assets/3rdParty/tripolygon/UModeler/Icons/Icon_Group_Surface.png using Guid(0a74d534091f6ca44aab28dbceb81ad7) Importer(815301076,1909f56bfc062723c751e8b465ee728b)  -> (artifact id: 'fa39bd9ab637cd9144d743a25497580e') in 0.013195 seconds 
  Import took 0.022675 seconds .

========================================================================
Received Import Request.
  Time since last request: 0.000439 seconds.
  path: Assets/3rdParty/HDLightingBox2/Textures/Flares/Textures/cheap plastic 1.psd
  artifactKey: Guid(2c0866669c9da064ea045cb8803808e8) Importer(815301076,1909f56bfc062723c751e8b465ee728b)
Start importing Assets/3rdParty/HDLightingBox2/Textures/Flares/Textures/cheap plastic 1.psd using Guid(2c0866669c9da064ea045cb8803808e8) Importer(815301076,1909f56bfc062723c751e8b465ee728b)  -> (artifact id: 'b8b1be2640023070a2985a27de22379f') in 0.010595 seconds 
  Import took 0.020398 seconds .

========================================================================
Received Import Request.
  Time since last request: 0.000497 seconds.
  path: Assets/3rdParty/tripolygon/UModeler/Icons/Icon_UVEditor_Arrange_Fit.png
  artifactKey: Guid(a9fa67cd110c2714e91797aa51ba2db2) Importer(815301076,1909f56bfc062723c751e8b465ee728b)
Start importing Assets/3rdParty/tripolygon/UModeler/Icons/Icon_UVEditor_Arrange_Fit.png using Guid(a9fa67cd110c2714e91797aa51ba2db2) Importer(815301076,1909f56bfc062723c751e8b465ee728b)  -> (artifact id: 'd3967ccc0a2d58f6b0cf648dc865c871') in 0.028269 seconds 
  Import took 0.037398 seconds .

========================================================================
Received Import Request.
  Time since last request: 0.000462 seconds.
  path: Assets/3rdParty/tripolygon/UModeler/Icons/Icon_HSL_Shapes_IsoscelesAngledTriangle.png
  artifactKey: Guid(0b7828182cb522e40a15628cff9852b4) Importer(815301076,1909f56bfc062723c751e8b465ee728b)
Start importing Assets/3rdParty/tripolygon/UModeler/Icons/Icon_HSL_Shapes_IsoscelesAngledTriangle.png using Guid(0b7828182cb522e40a15628cff9852b4) Importer(815301076,1909f56bfc062723c751e8b465ee728b)  -> (artifact id: '799017f13b4c287412c790af419f20e8') in 0.012178 seconds 
  Import took 0.020696 seconds .

========================================================================
Received Import Request.
  Time since last request: 0.000428 seconds.
  path: Assets/3rdParty/tripolygon/UModeler/Icons/Icon_UVEditor_QuickTransform_FlipHorizontal.png
  artifactKey: Guid(2f8dc75b909d1a248bcc3df87adc3f6d) Importer(815301076,1909f56bfc062723c751e8b465ee728b)
Start importing Assets/3rdParty/tripolygon/UModeler/Icons/Icon_UVEditor_QuickTransform_FlipHorizontal.png using Guid(2f8dc75b909d1a248bcc3df87adc3f6d) Importer(815301076,1909f56bfc062723c751e8b465ee728b)  -> (artifact id: 'd7ffc2f8b9d5fb78a54b58da12bd2c16') in 0.009636 seconds 
  Import took 0.019484 seconds .

========================================================================
Received Import Request.
  Time since last request: 0.000451 seconds.
  path: Assets/3rdParty/tripolygon/UModeler/Icons/Icon_HSL_Elements_HotspotUV.png
  artifactKey: Guid(4f0614affdbb8534f95fa17f8f8abc80) Importer(815301076,1909f56bfc062723c751e8b465ee728b)
Start importing Assets/3rdParty/tripolygon/UModeler/Icons/Icon_HSL_Elements_HotspotUV.png using Guid(4f0614affdbb8534f95fa17f8f8abc80) Importer(815301076,1909f56bfc062723c751e8b465ee728b)  -> (artifact id: '30a9aa0c9e84bb39fe833a0745601fa3') in 0.007549 seconds 
  Import took 0.016590 seconds .

========================================================================
Received Import Request.
  Time since last request: 0.000405 seconds.
  path: Assets/3rdParty/tripolygon/UModeler/Icons/Icon_PrimitiveShapes_Room.png
  artifactKey: Guid(73d90a5950a8c7145bf5a2ad4e9e778c) Importer(815301076,1909f56bfc062723c751e8b465ee728b)
Start importing Assets/3rdParty/tripolygon/UModeler/Icons/Icon_PrimitiveShapes_Room.png using Guid(73d90a5950a8c7145bf5a2ad4e9e778c) Importer(815301076,1909f56bfc062723c751e8b465ee728b)  -> (artifact id: '653bf8fd968dbaec81edf5559a6ddc0a') in 0.020621 seconds 
  Import took 0.029804 seconds .

========================================================================
Received Import Request.
  Time since last request: 0.000440 seconds.
  path: Assets/Ambiens/Archtoolkit/AT+Materials/Icons/UI/discord_logo.png
  artifactKey: Guid(8fb5663a3edbabd45a175d2df44876bf) Importer(815301076,1909f56bfc062723c751e8b465ee728b)
Start importing Assets/Ambiens/Archtoolkit/AT+Materials/Icons/UI/discord_logo.png using Guid(8fb5663a3edbabd45a175d2df44876bf) Importer(815301076,1909f56bfc062723c751e8b465ee728b)  -> (artifact id: '18c88df8ef241e2856abdf177197d127') in 0.013007 seconds 
  Import took 0.022499 seconds .

========================================================================
Received Import Request.
  Time since last request: 0.000486 seconds.
  path: Assets/3rdParty/tripolygon/UModeler/Icons/Icon_HSL_Shapes_RightAngledTriangle.png
  artifactKey: Guid(d26799a4763098b40a19ab2cae25a6fa) Importer(815301076,1909f56bfc062723c751e8b465ee728b)
Start importing Assets/3rdParty/tripolygon/UModeler/Icons/Icon_HSL_Shapes_RightAngledTriangle.png using Guid(d26799a4763098b40a19ab2cae25a6fa) Importer(815301076,1909f56bfc062723c751e8b465ee728b)  -> (artifact id: 'a2eb1385092b58e0fc4fc91e611d4c31') in 0.015413 seconds 
  Import took 0.024201 seconds .

========================================================================
Received Import Request.
  Time since last request: 0.000454 seconds.
  path: Assets/3rdParty/SurvivalCraftIcons/SurvivalCraftIcons_png/food/donat.png
  artifactKey: Guid(ee93f5469d360644e9af29759ad2fa8d) Importer(815301076,1909f56bfc062723c751e8b465ee728b)
Start importing Assets/3rdParty/SurvivalCraftIcons/SurvivalCraftIcons_png/food/donat.png using Guid(ee93f5469d360644e9af29759ad2fa8d) Importer(815301076,1909f56bfc062723c751e8b465ee728b)  -> (artifact id: 'e616ce048126850ca796e81b1db7372a') in 0.015338 seconds 
  Import took 0.024614 seconds .

========================================================================
Received Import Request.
  Time since last request: 0.000422 seconds.
  path: Assets/3rdParty/SurvivalCraftIcons/SurvivalCraftIcons_png/resources/fabric_a.png
  artifactKey: Guid(e191d1420c49e1f449a94ff63ba7b96d) Importer(815301076,1909f56bfc062723c751e8b465ee728b)
Start importing Assets/3rdParty/SurvivalCraftIcons/SurvivalCraftIcons_png/resources/fabric_a.png using Guid(e191d1420c49e1f449a94ff63ba7b96d) Importer(815301076,1909f56bfc062723c751e8b465ee728b)  -> (artifact id: '5e0a44ad7ba7f0913c15b7d349dc8913') in 0.026026 seconds 
  Import took 0.035377 seconds .

========================================================================
Received Import Request.
  Time since last request: 0.000432 seconds.
  path: Assets/3rdParty/SurvivalCraftIcons/SurvivalCraftIcons_png/resources/cardboard.png
  artifactKey: Guid(d04793602dd794a4984c23777c8d2fce) Importer(815301076,1909f56bfc062723c751e8b465ee728b)
Start importing Assets/3rdParty/SurvivalCraftIcons/SurvivalCraftIcons_png/resources/cardboard.png using Guid(d04793602dd794a4984c23777c8d2fce) Importer(815301076,1909f56bfc062723c751e8b465ee728b)  -> (artifact id: 'd47c88db32210b3121418fa03ebefe5c') in 0.033656 seconds 
  Import took 0.042825 seconds .

========================================================================
Received Import Request.
  Time since last request: 0.000398 seconds.
  path: Assets/3rdParty/SurvivalCraftIcons/SurvivalCraftIcons_png/food/chicken_leg.png
  artifactKey: Guid(6adef7a62cadb084e81baa2000b39312) Importer(815301076,1909f56bfc062723c751e8b465ee728b)
Start importing Assets/3rdParty/SurvivalCraftIcons/SurvivalCraftIcons_png/food/chicken_leg.png using Guid(6adef7a62cadb084e81baa2000b39312) Importer(815301076,1909f56bfc062723c751e8b465ee728b)  -> (artifact id: '34eacf060615a92a7fd87dcabf655a19') in 0.024755 seconds 
  Import took 0.033619 seconds .

========================================================================
Received Import Request.
  Time since last request: 0.000343 seconds.
  path: Assets/3rdParty/SurvivalCraftIcons/SurvivalCraftIcons_png/resources/fangs.png
  artifactKey: Guid(b3897253351d87d4c9304812bc540f8e) Importer(815301076,1909f56bfc062723c751e8b465ee728b)
Start importing Assets/3rdParty/SurvivalCraftIcons/SurvivalCraftIcons_png/resources/fangs.png using Guid(b3897253351d87d4c9304812bc540f8e) Importer(815301076,1909f56bfc062723c751e8b465ee728b)  -> (artifact id: 'e9e3dc038343d0d5498969999d242bad') in 0.015327 seconds 
  Import took 0.025170 seconds .

========================================================================
Received Import Request.
  Time since last request: 0.000376 seconds.
  path: Assets/3rdParty/tripolygon/UModeler/Icons/Icon_PrimitiveShapes_Cone.png
  artifactKey: Guid(a4c44fcbfbd831c42929cb82198a8488) Importer(815301076,1909f56bfc062723c751e8b465ee728b)
Start importing Assets/3rdParty/tripolygon/UModeler/Icons/Icon_PrimitiveShapes_Cone.png using Guid(a4c44fcbfbd831c42929cb82198a8488) Importer(815301076,1909f56bfc062723c751e8b465ee728b)  -> (artifact id: '0b76b0b715b5dd2c4a49445d51d4aaf8') in 0.012030 seconds 
  Import took 0.020767 seconds .

========================================================================
Received Import Request.
  Time since last request: 0.000417 seconds.
  path: Assets/3rdParty/SurvivalCraftIcons/SurvivalCraftIcons_png/food/clay_pot.png
  artifactKey: Guid(9d2e224d99c6bbb418ce7c6334837945) Importer(815301076,1909f56bfc062723c751e8b465ee728b)
Start importing Assets/3rdParty/SurvivalCraftIcons/SurvivalCraftIcons_png/food/clay_pot.png using Guid(9d2e224d99c6bbb418ce7c6334837945) Importer(815301076,1909f56bfc062723c751e8b465ee728b)  -> (artifact id: 'f1d5821c45dfd990178f018ee7eae4a4') in 0.014013 seconds 
  Import took 0.023692 seconds .

========================================================================
Received Import Request.
  Time since last request: 0.000454 seconds.
  path: Assets/3rdParty/tripolygon/UModeler/commentbackground1.png
  artifactKey: Guid(f796e064701c62a45b3cdc7d1c3ac4b5) Importer(815301076,1909f56bfc062723c751e8b465ee728b)
Start importing Assets/3rdParty/tripolygon/UModeler/commentbackground1.png using Guid(f796e064701c62a45b3cdc7d1c3ac4b5) Importer(815301076,1909f56bfc062723c751e8b465ee728b)  -> (artifact id: '7fad585ab3611a9cf5641d0cae404ec9') in 0.016536 seconds 
  Import took 0.025740 seconds .

========================================================================
Received Import Request.
  Time since last request: 0.000383 seconds.
  path: Assets/3rdParty/tripolygon/UModeler/Icons/Icon_Misc_Collider.png
  artifactKey: Guid(2b6070e032e344442aa383ef9d161f60) Importer(815301076,1909f56bfc062723c751e8b465ee728b)
Start importing Assets/3rdParty/tripolygon/UModeler/Icons/Icon_Misc_Collider.png using Guid(2b6070e032e344442aa383ef9d161f60) Importer(815301076,1909f56bfc062723c751e8b465ee728b)  -> (artifact id: '999c11cb7d59382cd925767c1814351f') in 0.007485 seconds 
  Import took 0.016533 seconds .

========================================================================
Received Import Request.
  Time since last request: 0.000392 seconds.
  path: Assets/3rdParty/tripolygon/UModeler/Icons/Icon_UVEditor_Elements_UV.png
  artifactKey: Guid(3f4cfb39525afdd41b1f5497d7299278) Importer(815301076,1909f56bfc062723c751e8b465ee728b)
Start importing Assets/3rdParty/tripolygon/UModeler/Icons/Icon_UVEditor_Elements_UV.png using Guid(3f4cfb39525afdd41b1f5497d7299278) Importer(815301076,1909f56bfc062723c751e8b465ee728b)  -> (artifact id: '4c95d6762084144f2d5c9603f823aa0c') in 0.021250 seconds 
  Import took 0.030049 seconds .

========================================================================
Received Import Request.
  Time since last request: 0.000372 seconds.
  path: Assets/3rdParty/tripolygon/UModeler/Icons/Icon_UVEditor_Arrange_Normalize.png
  artifactKey: Guid(06c983c97c99ad246b3109af2bab8593) Importer(815301076,1909f56bfc062723c751e8b465ee728b)
Start importing Assets/3rdParty/tripolygon/UModeler/Icons/Icon_UVEditor_Arrange_Normalize.png using Guid(06c983c97c99ad246b3109af2bab8593) Importer(815301076,1909f56bfc062723c751e8b465ee728b)  -> (artifact id: '4a7b2285316271d7a55fcec991ac568a') in 0.007264 seconds 
  Import took 0.016736 seconds .

========================================================================
Received Import Request.
  Time since last request: 0.000380 seconds.
  path: Assets/3rdParty/tripolygon/UModeler/Icons/Icon_UVEditor_Elements_Polygon.png
  artifactKey: Guid(912957b7fd8132247a577814e91cd9f0) Importer(815301076,1909f56bfc062723c751e8b465ee728b)
Start importing Assets/3rdParty/tripolygon/UModeler/Icons/Icon_UVEditor_Elements_Polygon.png using Guid(912957b7fd8132247a577814e91cd9f0) Importer(815301076,1909f56bfc062723c751e8b465ee728b)  -> (artifact id: 'dca46a2bf8988ec173c4c6dc98271c3f') in 0.011064 seconds 
  Import took 0.019620 seconds .

========================================================================
Received Import Request.
  Time since last request: 0.000377 seconds.
  path: Assets/3rdParty/tripolygon/UModeler/Icons/Icon_Misc_BakeTransform.png
  artifactKey: Guid(057cd73022e5c474cb3c7a83ff70c9e9) Importer(815301076,1909f56bfc062723c751e8b465ee728b)
Start importing Assets/3rdParty/tripolygon/UModeler/Icons/Icon_Misc_BakeTransform.png using Guid(057cd73022e5c474cb3c7a83ff70c9e9) Importer(815301076,1909f56bfc062723c751e8b465ee728b)  -> (artifact id: '8e84eb412b6401485d02fd28ab2d94b8') in 0.007600 seconds 
  Import took 0.016476 seconds .

========================================================================
Received Import Request.
  Time since last request: 0.000370 seconds.
  path: Assets/3rdParty/tripolygon/UModeler/Icons/Icon_UVEditor_Group_QuickTransform.png
  artifactKey: Guid(28378202fb35e59418d0159764075e05) Importer(815301076,1909f56bfc062723c751e8b465ee728b)
Start importing Assets/3rdParty/tripolygon/UModeler/Icons/Icon_UVEditor_Group_QuickTransform.png using Guid(28378202fb35e59418d0159764075e05) Importer(815301076,1909f56bfc062723c751e8b465ee728b)  -> (artifact id: '0485fa560165e8eae3b581e4bec1f216') in 0.020979 seconds 
  Import took 0.029600 seconds .

========================================================================
Received Import Request.
  Time since last request: 0.000372 seconds.
  path: Assets/3rdParty/tripolygon/UModeler/Icons/Icon_HSL_Group_Shapes.png
  artifactKey: Guid(52675312810bec940829c5fa9e5ef96a) Importer(815301076,1909f56bfc062723c751e8b465ee728b)
Start importing Assets/3rdParty/tripolygon/UModeler/Icons/Icon_HSL_Group_Shapes.png using Guid(52675312810bec940829c5fa9e5ef96a) Importer(815301076,1909f56bfc062723c751e8b465ee728b)  -> (artifact id: '962364515893f1d6f57fec4e8ee6038a') in 0.007519 seconds 
  Import took 0.016522 seconds .

========================================================================
Received Import Request.
  Time since last request: 0.000361 seconds.
  path: Assets/3rdParty/tripolygon/UModeler/Icons/Icon_Group_Selection.png
  artifactKey: Guid(a5a3d8b73faa5af418ad6f30e4a67d70) Importer(815301076,1909f56bfc062723c751e8b465ee728b)
Start importing Assets/3rdParty/tripolygon/UModeler/Icons/Icon_Group_Selection.png using Guid(a5a3d8b73faa5af418ad6f30e4a67d70) Importer(815301076,1909f56bfc062723c751e8b465ee728b)  -> (artifact id: '33f96dcf04e70ef4a4f94125b5f6e76d') in 0.026747 seconds 
  Import took 0.035109 seconds .

========================================================================
Received Import Request.
  Time since last request: 0.000378 seconds.
  path: Assets/3rdParty/tripolygon/UModeler/darkskin.png
  artifactKey: Guid(6e76db2f4698d8a4e910895305e862da) Importer(815301076,1909f56bfc062723c751e8b465ee728b)
Start importing Assets/3rdParty/tripolygon/UModeler/darkskin.png using Guid(6e76db2f4698d8a4e910895305e862da) Importer(815301076,1909f56bfc062723c751e8b465ee728b)  -> (artifact id: 'c96ef7a2aa95b397e5eeecc2045e8033') in 0.007268 seconds 
  Import took 0.016965 seconds .

========================================================================
Received Import Request.
  Time since last request: 0.000317 seconds.
  path: Assets/3rdParty/tripolygon/UModeler/Icons/Icon_Remove_Collapse.png
  artifactKey: Guid(fa95f6af6ab55d14e867dba4f28da10b) Importer(815301076,1909f56bfc062723c751e8b465ee728b)
Start importing Assets/3rdParty/tripolygon/UModeler/Icons/Icon_Remove_Collapse.png using Guid(fa95f6af6ab55d14e867dba4f28da10b) Importer(815301076,1909f56bfc062723c751e8b465ee728b)  -> (artifact id: 'c19fcb2b84dde4caef686d66568ed407') in 0.022720 seconds 
  Import took 0.033362 seconds .

========================================================================
Received Import Request.
  Time since last request: 0.000405 seconds.
  path: Assets/3rdParty/SurvivalCraftIcons/SurvivalCraftIcons_png/food/chocolate.png
  artifactKey: Guid(fc382ab8f6ac4924b830bc94d7a4880f) Importer(815301076,1909f56bfc062723c751e8b465ee728b)
Start importing Assets/3rdParty/SurvivalCraftIcons/SurvivalCraftIcons_png/food/chocolate.png using Guid(fc382ab8f6ac4924b830bc94d7a4880f) Importer(815301076,1909f56bfc062723c751e8b465ee728b)  -> (artifact id: 'ea127f62d12a8325d6b1ba91c956b779') in 0.013744 seconds 
  Import took 0.022819 seconds .

========================================================================
Received Import Request.
  Time since last request: 0.000340 seconds.
  path: Assets/3rdParty/tripolygon/UModeler/Icons/Icon_Remove_Combine.png
  artifactKey: Guid(5987a2d45f7352e4192afb258c8fbf63) Importer(815301076,1909f56bfc062723c751e8b465ee728b)
Start importing Assets/3rdParty/tripolygon/UModeler/Icons/Icon_Remove_Combine.png using Guid(5987a2d45f7352e4192afb258c8fbf63) Importer(815301076,1909f56bfc062723c751e8b465ee728b)  -> (artifact id: 'bab20375fc438f412723abe01b908bdc') in 0.025078 seconds 
  Import took 0.035262 seconds .

========================================================================
Received Import Request.
  Time since last request: 0.000322 seconds.
  path: Assets/3rdParty/TextMesh Pro/Examples & Extras/Resources/Fonts & Materials/Electronic Highway Sign SDF.asset
  artifactKey: Guid(dc36b3fdc14f47ebb36fd484a67e268a) Importer(815301076,1909f56bfc062723c751e8b465ee728b)
Start importing Assets/3rdParty/TextMesh Pro/Examples & Extras/Resources/Fonts & Materials/Electronic Highway Sign SDF.asset using Guid(dc36b3fdc14f47ebb36fd484a67e268a) Importer(815301076,1909f56bfc062723c751e8b465ee728b)  -> (artifact id: '2c2ea0912636201ff81465eb15ab9efd') in 0.617579 seconds 
  Import took 0.628517 seconds .

========================================================================
Received Import Request.
  Time since last request: 0.000355 seconds.
  path: Assets/3rdParty/tripolygon/UModeler/Icons/Icon_Misc_Diagnosis.png
  artifactKey: Guid(b290aac8a674a364d831c38b4f4e85c4) Importer(815301076,1909f56bfc062723c751e8b465ee728b)
Start importing Assets/3rdParty/tripolygon/UModeler/Icons/Icon_Misc_Diagnosis.png using Guid(b290aac8a674a364d831c38b4f4e85c4) Importer(815301076,1909f56bfc062723c751e8b465ee728b)  -> (artifact id: 'ef422e22e831634fcfde62c8fdb230ea') in 0.008286 seconds 
  Import took 0.022589 seconds .

========================================================================
Received Import Request.
  Time since last request: 0.000421 seconds.
  path: Assets/3rdParty/tripolygon/UModeler/Icons/Icon_HSL_Shapes_Rectangle.png
  artifactKey: Guid(e6db9df18215c71469db5655ffa65cdf) Importer(815301076,1909f56bfc062723c751e8b465ee728b)
Start importing Assets/3rdParty/tripolygon/UModeler/Icons/Icon_HSL_Shapes_Rectangle.png using Guid(e6db9df18215c71469db5655ffa65cdf) Importer(815301076,1909f56bfc062723c751e8b465ee728b)  -> (artifact id: '35a0dfe3f580099c5292f1aaa0e317e3') in 0.008390 seconds 
  Import took 0.018202 seconds .

========================================================================
Received Import Request.
  Time since last request: 0.000551 seconds.
  path: Assets/3rdParty/tripolygon/UModeler/Icons/Icon_PrimitiveShapes_Box.png
  artifactKey: Guid(86714fc7b339ae04da6d32a76a56bfcf) Importer(815301076,1909f56bfc062723c751e8b465ee728b)
Start importing Assets/3rdParty/tripolygon/UModeler/Icons/Icon_PrimitiveShapes_Box.png using Guid(86714fc7b339ae04da6d32a76a56bfcf) Importer(815301076,1909f56bfc062723c751e8b465ee728b)  -> (artifact id: 'aaf9122d4e1757e707a71722d3054e90') in 0.021368 seconds 
  Import took 0.030914 seconds .

========================================================================
Received Import Request.
  Time since last request: 0.000479 seconds.
  path: Assets/3rdParty/tripolygon/UModeler/Icons/Icon_Misc_UModelerize.png
  artifactKey: Guid(604718b41853f014f944d7293654ab3f) Importer(815301076,1909f56bfc062723c751e8b465ee728b)
Start importing Assets/3rdParty/tripolygon/UModeler/Icons/Icon_Misc_UModelerize.png using Guid(604718b41853f014f944d7293654ab3f) Importer(815301076,1909f56bfc062723c751e8b465ee728b)  -> (artifact id: 'a1f31ea133fcdaef0d29c184f8b8481b') in 0.007804 seconds 
  Import took 0.017191 seconds .

========================================================================
Received Import Request.
  Time since last request: 0.000366 seconds.
  path: Assets/3rdParty/SurvivalCraftIcons/SurvivalCraftIcons_png/resources/fabric_b.png
  artifactKey: Guid(da2be5afdd900a64da3c253b9f7379d5) Importer(815301076,1909f56bfc062723c751e8b465ee728b)
Start importing Assets/3rdParty/SurvivalCraftIcons/SurvivalCraftIcons_png/resources/fabric_b.png using Guid(da2be5afdd900a64da3c253b9f7379d5) Importer(815301076,1909f56bfc062723c751e8b465ee728b)  -> (artifact id: '9b73036f635acc0cda90a7eb74455ecf') in 0.028116 seconds 
  Import took 0.037411 seconds .

========================================================================
Received Import Request.
  Time since last request: 0.000342 seconds.
  path: Assets/3rdParty/tripolygon/UModeler/Icons/Icon_PrimitiveShapes_Torus.png
  artifactKey: Guid(bab6b4b6b4fa2f04791b89222ea5ac4a) Importer(815301076,1909f56bfc062723c751e8b465ee728b)
Start importing Assets/3rdParty/tripolygon/UModeler/Icons/Icon_PrimitiveShapes_Torus.png using Guid(bab6b4b6b4fa2f04791b89222ea5ac4a) Importer(815301076,1909f56bfc062723c751e8b465ee728b)  -> (artifact id: '1ad3d3804fb39e595b9277bb7ce00de5') in 0.025742 seconds 
  Import took 0.036086 seconds .

========================================================================
Received Import Request.
  Time since last request: 0.000360 seconds.
  path: Assets/3rdParty/tripolygon/UModeler/Icons/Icon_UVEditor_Elements_Island.png
  artifactKey: Guid(8d6f3708993dc9a40bfeb255a67a11da) Importer(815301076,1909f56bfc062723c751e8b465ee728b)
Start importing Assets/3rdParty/tripolygon/UModeler/Icons/Icon_UVEditor_Elements_Island.png using Guid(8d6f3708993dc9a40bfeb255a67a11da) Importer(815301076,1909f56bfc062723c751e8b465ee728b)  -> (artifact id: 'd7dce91fe40d6bcd2ed2594993883fe4') in 0.007801 seconds 
  Import took 0.017767 seconds .

========================================================================
Received Import Request.
  Time since last request: 0.000352 seconds.
  path: Assets/3rdParty/tripolygon/UModeler/Icons/Icon_UVEditor_Group_Unwrap.png
  artifactKey: Guid(9080c41030e137b46b2c580bf63ee8dd) Importer(815301076,1909f56bfc062723c751e8b465ee728b)
Start importing Assets/3rdParty/tripolygon/UModeler/Icons/Icon_UVEditor_Group_Unwrap.png using Guid(9080c41030e137b46b2c580bf63ee8dd) Importer(815301076,1909f56bfc062723c751e8b465ee728b)  -> (artifact id: '6f88004f35823879088f2a680fbf47b5') in 0.012369 seconds 
  Import took 0.021489 seconds .

========================================================================
Received Import Request.
  Time since last request: 0.000378 seconds.
  path: Assets/3rdParty/tripolygon/UModeler/Icons/Icon_HSL_QuickTransform_RotateNeg90.png
  artifactKey: Guid(89639c2e3409c834ab84d528655c40d9) Importer(815301076,1909f56bfc062723c751e8b465ee728b)
Start importing Assets/3rdParty/tripolygon/UModeler/Icons/Icon_HSL_QuickTransform_RotateNeg90.png using Guid(89639c2e3409c834ab84d528655c40d9) Importer(815301076,1909f56bfc062723c751e8b465ee728b)  -> (artifact id: '7b5dfda4d4ae5b0a6043dd44e6f0b0f8') in 0.007335 seconds 
  Import took 0.016414 seconds .

========================================================================
Received Import Request.
  Time since last request: 0.000375 seconds.
  path: Assets/3rdParty/tripolygon/UModeler/Icons/Icon_Remove_Clip.png
  artifactKey: Guid(3026bed1a39d90d42a25063d65951275) Importer(815301076,1909f56bfc062723c751e8b465ee728b)
Start importing Assets/3rdParty/tripolygon/UModeler/Icons/Icon_Remove_Clip.png using Guid(3026bed1a39d90d42a25063d65951275) Importer(815301076,1909f56bfc062723c751e8b465ee728b)  -> (artifact id: 'b732a0ef95295e38d760fc609274fc91') in 0.018913 seconds 
  Import took 0.027928 seconds .

========================================================================
Received Import Request.
  Time since last request: 0.000395 seconds.
  path: Assets/3rdParty/tripolygon/UModeler/Icons/Icon_UVEditor_QuickTransform_FlipCenter.png
  artifactKey: Guid(b9b42cf3a1b5fac42a2109d9a9e6573f) Importer(815301076,1909f56bfc062723c751e8b465ee728b)
Start importing Assets/3rdParty/tripolygon/UModeler/Icons/Icon_UVEditor_QuickTransform_FlipCenter.png using Guid(b9b42cf3a1b5fac42a2109d9a9e6573f) Importer(815301076,1909f56bfc062723c751e8b465ee728b)  -> (artifact id: 'cf4eb3d9580f31c09c68c4ef6d2ce4fc') in 0.011784 seconds 
  Import took 0.021175 seconds .

========================================================================
Received Import Request.
  Time since last request: 0.000396 seconds.
  path: Assets/3rdParty/tripolygon/UModeler/Icons/Icon_Misc_LocalSettings.png
  artifactKey: Guid(e30b8cd5edc2c394c933f0e4146a5f55) Importer(815301076,1909f56bfc062723c751e8b465ee728b)
Start importing Assets/3rdParty/tripolygon/UModeler/Icons/Icon_Misc_LocalSettings.png using Guid(e30b8cd5edc2c394c933f0e4146a5f55) Importer(815301076,1909f56bfc062723c751e8b465ee728b)  -> (artifact id: '7eff082735bc9254892826fe1450be1e') in 0.009722 seconds 
  Import took 0.018810 seconds .

========================================================================
Received Import Request.
  Time since last request: 0.000321 seconds.
  path: Assets/3rdParty/tripolygon/UModeler/Icons/Icon_PrimitiveShapes_Icosahedron.png
  artifactKey: Guid(8637c200f240c164891f518fbc664627) Importer(815301076,1909f56bfc062723c751e8b465ee728b)
Start importing Assets/3rdParty/tripolygon/UModeler/Icons/Icon_PrimitiveShapes_Icosahedron.png using Guid(8637c200f240c164891f518fbc664627) Importer(815301076,1909f56bfc062723c751e8b465ee728b)  -> (artifact id: '1281386273b4cdeb4c7b25b16324369b') in 0.008166 seconds 
  Import took 0.017523 seconds .

========================================================================
Received Import Request.
  Time since last request: 0.000373 seconds.
  path: Assets/3rdParty/SurvivalCraftIcons/SurvivalCraftIcons_png/resources/claws.png
  artifactKey: Guid(a72498953e9ed1e4b885d39cffd78a9a) Importer(815301076,1909f56bfc062723c751e8b465ee728b)
Start importing Assets/3rdParty/SurvivalCraftIcons/SurvivalCraftIcons_png/resources/claws.png using Guid(a72498953e9ed1e4b885d39cffd78a9a) Importer(815301076,1909f56bfc062723c751e8b465ee728b)  -> (artifact id: '1b0db6efba3689843f7d916813dad3b4') in 0.026463 seconds 
  Import took 0.035403 seconds .

========================================================================
Received Import Request.
  Time since last request: 0.000411 seconds.
  path: Assets/3rdParty/tripolygon/UModeler/Icons/Icon_Remove_CombineVertices.png
  artifactKey: Guid(f4dc94b98d84cf848aba93825f0803ca) Importer(815301076,1909f56bfc062723c751e8b465ee728b)
Start importing Assets/3rdParty/tripolygon/UModeler/Icons/Icon_Remove_CombineVertices.png using Guid(f4dc94b98d84cf848aba93825f0803ca) Importer(815301076,1909f56bfc062723c751e8b465ee728b)  -> (artifact id: '49dc993d84833eddbbdb93e7f601cd00') in 0.019526 seconds 
  Import took 0.028620 seconds .

========================================================================
Received Import Request.
  Time since last request: 0.000418 seconds.
  path: Assets/3rdParty/tripolygon/UModeler/Icons/Icon_Misc_Export.png
  artifactKey: Guid(f7399e7d9a1b6a54eacf72ff7c6031a3) Importer(815301076,1909f56bfc062723c751e8b465ee728b)
Start importing Assets/3rdParty/tripolygon/UModeler/Icons/Icon_Misc_Export.png using Guid(f7399e7d9a1b6a54eacf72ff7c6031a3) Importer(815301076,1909f56bfc062723c751e8b465ee728b)  -> (artifact id: '545e19d71b6cceef6c8ac9ce4068614c') in 0.007096 seconds 
  Import took 0.015756 seconds .

========================================================================
Received Import Request.
  Time since last request: 0.000411 seconds.
  path: Assets/3rdParty/SurvivalCraftIcons/SurvivalCraftIcons_png/resources/clay.png
  artifactKey: Guid(8465885ac140af944883664ad7e87e04) Importer(815301076,1909f56bfc062723c751e8b465ee728b)
Start importing Assets/3rdParty/SurvivalCraftIcons/SurvivalCraftIcons_png/resources/clay.png using Guid(8465885ac140af944883664ad7e87e04) Importer(815301076,1909f56bfc062723c751e8b465ee728b)  -> (artifact id: '4f93f7c224e1a8a17b7d1d3dd6cbb528') in 0.021249 seconds 
  Import took 0.030013 seconds .

========================================================================
Received Import Request.
  Time since last request: 0.000412 seconds.
  path: Assets/3rdParty/SurvivalCraftIcons/SurvivalCraftIcons_png/other/door.png
  artifactKey: Guid(b7e341fb4156a4a4ea2345cc1b280254) Importer(815301076,1909f56bfc062723c751e8b465ee728b)
Start importing Assets/3rdParty/SurvivalCraftIcons/SurvivalCraftIcons_png/other/door.png using Guid(b7e341fb4156a4a4ea2345cc1b280254) Importer(815301076,1909f56bfc062723c751e8b465ee728b)  -> (artifact id: 'e00e88dffc3be36b8f4f9b8496a88af0') in 0.015079 seconds 
  Import took 0.023779 seconds .

========================================================================
Received Import Request.
  Time since last request: 0.000408 seconds.
  path: Assets/3rdParty/TextMesh Pro/Sprites/EmojiOne.png
  artifactKey: Guid(dffef66376be4fa480fb02b19edbe903) Importer(815301076,1909f56bfc062723c751e8b465ee728b)
Start importing Assets/3rdParty/TextMesh Pro/Sprites/EmojiOne.png using Guid(dffef66376be4fa480fb02b19edbe903) Importer(815301076,1909f56bfc062723c751e8b465ee728b)  -> (artifact id: 'b7c40c83a2974dbe008e795f2f97be81') in 0.023777 seconds 
  Import took 0.033926 seconds .

========================================================================
Received Import Request.
  Time since last request: 0.000427 seconds.
  path: Assets/3rdParty/tripolygon/UModeler/Icons/Icon_Misc_RefreshAll.png
  artifactKey: Guid(7b6c302074ec18a4db04485302539ca2) Importer(815301076,1909f56bfc062723c751e8b465ee728b)
Start importing Assets/3rdParty/tripolygon/UModeler/Icons/Icon_Misc_RefreshAll.png using Guid(7b6c302074ec18a4db04485302539ca2) Importer(815301076,1909f56bfc062723c751e8b465ee728b)  -> (artifact id: 'ab8cf6bacf4b5aef26668098d5d5f8fa') in 0.007819 seconds 
  Import took 0.017301 seconds .

========================================================================
Received Import Request.
  Time since last request: 0.000420 seconds.
  path: Assets/3rdParty/tripolygon/UModeler/Icons/Icon_HSL_Group_QuickTransform.png
  artifactKey: Guid(efbf4db491f57964296ca4101bb1b489) Importer(815301076,1909f56bfc062723c751e8b465ee728b)
Start importing Assets/3rdParty/tripolygon/UModeler/Icons/Icon_HSL_Group_QuickTransform.png using Guid(efbf4db491f57964296ca4101bb1b489) Importer(815301076,1909f56bfc062723c751e8b465ee728b)  -> (artifact id: 'd974fcd1638c6c7e623c75f9779df099') in 0.014604 seconds 
  Import took 0.023753 seconds .

========================================================================
Received Import Request.
  Time since last request: 0.000404 seconds.
  path: Assets/3rdParty/tripolygon/UModeler/Icons/Icon_HSL_QuickTransform_RotatePos90.png
  artifactKey: Guid(14996106bb7bf554b9c6922e3745b4c6) Importer(815301076,1909f56bfc062723c751e8b465ee728b)
Start importing Assets/3rdParty/tripolygon/UModeler/Icons/Icon_HSL_QuickTransform_RotatePos90.png using Guid(14996106bb7bf554b9c6922e3745b4c6) Importer(815301076,1909f56bfc062723c751e8b465ee728b)  -> (artifact id: '003882f044425b0d5356a2509a831e51') in 0.007194 seconds 
  Import took 0.016090 seconds .

========================================================================
Received Import Request.
  Time since last request: 0.000403 seconds.
  path: Assets/3rdParty/SurvivalCraftIcons/SurvivalCraftIcons_png/resources/coal.png
  artifactKey: Guid(700b1bd2745778745a9391b27d4e0a20) Importer(815301076,1909f56bfc062723c751e8b465ee728b)
Start importing Assets/3rdParty/SurvivalCraftIcons/SurvivalCraftIcons_png/resources/coal.png using Guid(700b1bd2745778745a9391b27d4e0a20) Importer(815301076,1909f56bfc062723c751e8b465ee728b)  -> (artifact id: '30ab1d2c275cc09fc59c812b0b2a52a6') in 0.028295 seconds 
  Import took 0.036829 seconds .

========================================================================
Received Import Request.
  Time since last request: 0.000378 seconds.
  path: Assets/3rdParty/tripolygon/UModeler/Icons/Icon_UVEditor_Group_Arrange.png
  artifactKey: Guid(de3d4beda7f53594ba7a2dd9f8bee1c7) Importer(815301076,1909f56bfc062723c751e8b465ee728b)
Start importing Assets/3rdParty/tripolygon/UModeler/Icons/Icon_UVEditor_Group_Arrange.png using Guid(de3d4beda7f53594ba7a2dd9f8bee1c7) Importer(815301076,1909f56bfc062723c751e8b465ee728b)  -> (artifact id: '7694bb29c13a868d449648201d7f869b') in 0.019711 seconds 
  Import took 0.030390 seconds .

========================================================================
Received Import Request.
  Time since last request: 0.000383 seconds.
  path: Assets/3rdParty/SurvivalCraftIcons/SurvivalCraftIcons_png/food/coffee.png
  artifactKey: Guid(bdebc2a80c03033409ad5276cd06d39b) Importer(815301076,1909f56bfc062723c751e8b465ee728b)
Start importing Assets/3rdParty/SurvivalCraftIcons/SurvivalCraftIcons_png/food/coffee.png using Guid(bdebc2a80c03033409ad5276cd06d39b) Importer(815301076,1909f56bfc062723c751e8b465ee728b)  -> (artifact id: 'c088faf107eccd3171375b86d4e2508f') in 0.014474 seconds 
  Import took 0.024359 seconds .

========================================================================
Received Import Request.
  Time since last request: 0.000419 seconds.
  path: Assets/3rdParty/tripolygon/UModeler/commentbackground0.png
  artifactKey: Guid(d7a93bc6089436f42aa29b2af21efa3b) Importer(815301076,1909f56bfc062723c751e8b465ee728b)
Start importing Assets/3rdParty/tripolygon/UModeler/commentbackground0.png using Guid(d7a93bc6089436f42aa29b2af21efa3b) Importer(815301076,1909f56bfc062723c751e8b465ee728b)  -> (artifact id: 'd122fba6da0895b6b4099d81dcc9a9ee') in 0.009361 seconds 
  Import took 0.018133 seconds .

========================================================================
Received Import Request.
  Time since last request: 0.000356 seconds.
  path: Assets/3rdParty/tripolygon/UModeler/Icons/Icon_UVEditor_Group_Misc.png
  artifactKey: Guid(33e866e3b963f1f4fafaa9347082bc16) Importer(815301076,1909f56bfc062723c751e8b465ee728b)
Start importing Assets/3rdParty/tripolygon/UModeler/Icons/Icon_UVEditor_Group_Misc.png using Guid(33e866e3b963f1f4fafaa9347082bc16) Importer(815301076,1909f56bfc062723c751e8b465ee728b)  -> (artifact id: 'fe4b32dd8ceceb63538dc44716e8e086') in 0.007588 seconds 
  Import took 0.016805 seconds .

========================================================================
Received Import Request.
  Time since last request: 0.000377 seconds.
  path: Assets/3rdParty/tripolygon/UModeler/Icons/Icon_UVEditor_Group_Alignment.png
  artifactKey: Guid(672b0fa82fe0dca44a938fa2a35ad8f8) Importer(815301076,1909f56bfc062723c751e8b465ee728b)
Start importing Assets/3rdParty/tripolygon/UModeler/Icons/Icon_UVEditor_Group_Alignment.png using Guid(672b0fa82fe0dca44a938fa2a35ad8f8) Importer(815301076,1909f56bfc062723c751e8b465ee728b)  -> (artifact id: 'ee220f12b170ac94c4a98a225232699e') in 0.019833 seconds 
  Import took 0.029147 seconds .

========================================================================
Received Import Request.
  Time since last request: 0.000337 seconds.
  path: Assets/3rdParty/tripolygon/UModeler/Icons/Icon_UVEditor_Group_Elements.png
  artifactKey: Guid(a08dec42fe4bdab4494477ebd8ffb9f8) Importer(815301076,1909f56bfc062723c751e8b465ee728b)
Start importing Assets/3rdParty/tripolygon/UModeler/Icons/Icon_UVEditor_Group_Elements.png using Guid(a08dec42fe4bdab4494477ebd8ffb9f8) Importer(815301076,1909f56bfc062723c751e8b465ee728b)  -> (artifact id: '3be7a66cfdbb8e5660c5b418220dee18') in 0.025732 seconds 
  Import took 0.035092 seconds .

========================================================================
Received Import Request.
  Time since last request: 0.000371 seconds.
  path: Assets/AT+Materials/AmbientCG/Concrete/Concrete026/Concrete026_2K_Roughness.png
  artifactKey: Guid(ed354a0174aa0cc45b4dc5bd970b42bb) Importer(815301076,1909f56bfc062723c751e8b465ee728b)
Start importing Assets/AT+Materials/AmbientCG/Concrete/Concrete026/Concrete026_2K_Roughness.png using Guid(ed354a0174aa0cc45b4dc5bd970b42bb) Importer(815301076,1909f56bfc062723c751e8b465ee728b)  -> (artifact id: 'e58b61c9c51eea2454ef34b630a8e1fc') in 0.010854 seconds 
  Import took 0.019703 seconds .

========================================================================
Received Import Request.
  Time since last request: 0.000414 seconds.
  path: Assets/3rdParty/tripolygon/UModeler/Icons/Icon_PrimitiveShapes_SpiralStair.png
  artifactKey: Guid(c062d699c61bb5246b166ea94e9520d2) Importer(815301076,1909f56bfc062723c751e8b465ee728b)
Start importing Assets/3rdParty/tripolygon/UModeler/Icons/Icon_PrimitiveShapes_SpiralStair.png using Guid(c062d699c61bb5246b166ea94e9520d2) Importer(815301076,1909f56bfc062723c751e8b465ee728b)  -> (artifact id: '3f767432eed5cdee13b0669c9b415e1f') in 0.015432 seconds 
  Import took 0.024594 seconds .

========================================================================
Received Import Request.
  Time since last request: 0.000377 seconds.
  path: Assets/3rdParty/SurvivalCraftIcons/SurvivalCraftIcons_png/resources/fabric_c.png
  artifactKey: Guid(dc0e85c6c287e6044b544b4713fcabcf) Importer(815301076,1909f56bfc062723c751e8b465ee728b)
Start importing Assets/3rdParty/SurvivalCraftIcons/SurvivalCraftIcons_png/resources/fabric_c.png using Guid(dc0e85c6c287e6044b544b4713fcabcf) Importer(815301076,1909f56bfc062723c751e8b465ee728b)  -> (artifact id: '22049ff5c6b595d9836606f24e7e0f1f') in 0.033401 seconds 
  Import took 0.042595 seconds .

========================================================================
Received Import Request.
  Time since last request: 0.000420 seconds.
  path: Assets/3rdParty/SurvivalCraftIcons/SurvivalCraftIcons_png/food/dry_ration.png
  artifactKey: Guid(9c530bfbc0e5ee340ba59901983eda59) Importer(815301076,1909f56bfc062723c751e8b465ee728b)
Start importing Assets/3rdParty/SurvivalCraftIcons/SurvivalCraftIcons_png/food/dry_ration.png using Guid(9c530bfbc0e5ee340ba59901983eda59) Importer(815301076,1909f56bfc062723c751e8b465ee728b)  -> (artifact id: '40e0fe8e32814a842eb4a757539df5ff') in 0.033487 seconds 
  Import took 0.042604 seconds .

========================================================================
Received Import Request.
  Time since last request: 0.000437 seconds.
  path: Assets/3rdParty/tripolygon/UModeler/Icons/Icon_HSL_QuickTransform_FlipVertical.png
  artifactKey: Guid(88b2f917d6f573441a17d8f764dd0724) Importer(815301076,1909f56bfc062723c751e8b465ee728b)
Start importing Assets/3rdParty/tripolygon/UModeler/Icons/Icon_HSL_QuickTransform_FlipVertical.png using Guid(88b2f917d6f573441a17d8f764dd0724) Importer(815301076,1909f56bfc062723c751e8b465ee728b)  -> (artifact id: '1899ffc55a8c20f009c7b4d492775e6e') in 0.007696 seconds 
  Import took 0.017608 seconds .

========================================================================
Received Import Request.
  Time since last request: 0.000412 seconds.
  path: Assets/3rdParty/tripolygon/UModeler/Icons/Icon_HSL_Elements_HotspotPolygon.png
  artifactKey: Guid(4068a9d8b0843164ca71b7cfcdc692fa) Importer(815301076,1909f56bfc062723c751e8b465ee728b)
Start importing Assets/3rdParty/tripolygon/UModeler/Icons/Icon_HSL_Elements_HotspotPolygon.png using Guid(4068a9d8b0843164ca71b7cfcdc692fa) Importer(815301076,1909f56bfc062723c751e8b465ee728b)  -> (artifact id: 'df419d076ed06c77b3acad873725600f') in 0.011622 seconds 
  Import took 0.020587 seconds .

========================================================================
Received Import Request.
  Time since last request: 0.000391 seconds.
  path: Assets/3rdParty/tripolygon/UModeler/Icons/Icon_UVEditor_Elements_Edge.png
  artifactKey: Guid(8bb57abcddfe6ae4688de587d4b162b2) Importer(815301076,1909f56bfc062723c751e8b465ee728b)
Start importing Assets/3rdParty/tripolygon/UModeler/Icons/Icon_UVEditor_Elements_Edge.png using Guid(8bb57abcddfe6ae4688de587d4b162b2) Importer(815301076,1909f56bfc062723c751e8b465ee728b)  -> (artifact id: 'db1e84f4ca70d2a7be375981c2900301') in 0.008007 seconds 
  Import took 0.016987 seconds .

========================================================================
Received Import Request.
  Time since last request: 0.000366 seconds.
  path: Assets/3rdParty/tripolygon/UModeler/Icons/Icon_UVEditor_Misc_Settings.png
  artifactKey: Guid(16593fc62736b994fa2c69c37603677b) Importer(815301076,1909f56bfc062723c751e8b465ee728b)
Start importing Assets/3rdParty/tripolygon/UModeler/Icons/Icon_UVEditor_Misc_Settings.png using Guid(16593fc62736b994fa2c69c37603677b) Importer(815301076,1909f56bfc062723c751e8b465ee728b)  -> (artifact id: '25ab22b53c9f7a38ebfd6ec7d251be24') in 0.018823 seconds 
  Import took 0.028414 seconds .

========================================================================
Received Import Request.
  Time since last request: 0.000402 seconds.
  path: Assets/3rdParty/tripolygon/UModeler/Icons/Icon_Group_Tweak.png
  artifactKey: Guid(39266626041bc5c45bacf98c04a9e4e9) Importer(815301076,1909f56bfc062723c751e8b465ee728b)
Start importing Assets/3rdParty/tripolygon/UModeler/Icons/Icon_Group_Tweak.png using Guid(39266626041bc5c45bacf98c04a9e4e9) Importer(815301076,1909f56bfc062723c751e8b465ee728b)  -> (artifact id: 'c22687963caa37433e77286db42814fb') in 0.009225 seconds 
  Import took 0.018040 seconds .

========================================================================
Received Import Request.
  Time since last request: 0.000398 seconds.
  path: Assets/Ambiens/Archtoolkit/AT+Materials/Icons/UI/Documentation.png
  artifactKey: Guid(e52968722e29bc7429094cd4417d4be4) Importer(815301076,1909f56bfc062723c751e8b465ee728b)
Start importing Assets/Ambiens/Archtoolkit/AT+Materials/Icons/UI/Documentation.png using Guid(e52968722e29bc7429094cd4417d4be4) Importer(815301076,1909f56bfc062723c751e8b465ee728b)  -> (artifact id: '73f2861dbe18acf03557bb1adf20f045') in 0.018352 seconds 
  Import took 0.027863 seconds .

========================================================================
Received Import Request.
  Time since last request: 0.000462 seconds.
  path: Assets/3rdParty/tripolygon/UModeler/Icons/Icon_UVEditor_QuickTransform_FlipVertical.png
  artifactKey: Guid(79713df7dcd5a964a8278206cc48c9c3) Importer(815301076,1909f56bfc062723c751e8b465ee728b)
Start importing Assets/3rdParty/tripolygon/UModeler/Icons/Icon_UVEditor_QuickTransform_FlipVertical.png using Guid(79713df7dcd5a964a8278206cc48c9c3) Importer(815301076,1909f56bfc062723c751e8b465ee728b)  -> (artifact id: '89c4ab14d769f27827fbc366fa083101') in 0.029422 seconds 
  Import took 0.038247 seconds .

========================================================================
Received Import Request.
  Time since last request: 0.000397 seconds.
  path: Assets/3rdParty/tripolygon/UModeler/Icons/Icon_HSL_Shapes_Delete.png
  artifactKey: Guid(7190ebc3f35604349b44e356c639d247) Importer(815301076,1909f56bfc062723c751e8b465ee728b)
Start importing Assets/3rdParty/tripolygon/UModeler/Icons/Icon_HSL_Shapes_Delete.png using Guid(7190ebc3f35604349b44e356c639d247) Importer(815301076,1909f56bfc062723c751e8b465ee728b)  -> (artifact id: '1269ed0558b65deff9dbfa6d8612adcd') in 0.008057 seconds 
  Import took 0.017211 seconds .

========================================================================
Received Import Request.
  Time since last request: 0.000392 seconds.
  path: Assets/3rdParty/tripolygon/UModeler/Icons/Icon_HSL_QuickTransform_FlipHorizontal.png
  artifactKey: Guid(3908e98e6ffc2f4439119c9a36cacf77) Importer(815301076,1909f56bfc062723c751e8b465ee728b)
Start importing Assets/3rdParty/tripolygon/UModeler/Icons/Icon_HSL_QuickTransform_FlipHorizontal.png using Guid(3908e98e6ffc2f4439119c9a36cacf77) Importer(815301076,1909f56bfc062723c751e8b465ee728b)  -> (artifact id: '3ee6b02436ed39a3c94da7e2e5382f61') in 0.013746 seconds 
  Import took 0.023875 seconds .

========================================================================
Received Import Request.
  Time since last request: 0.000403 seconds.
  path: Assets/AT+Materials/AmbientCG/Concrete/Concrete026/Concrete026_2K_NormalGL.png
  artifactKey: Guid(272dcc92f6629cc42872f69c152e9a4e) Importer(815301076,1909f56bfc062723c751e8b465ee728b)
Start importing Assets/AT+Materials/AmbientCG/Concrete/Concrete026/Concrete026_2K_NormalGL.png using Guid(272dcc92f6629cc42872f69c152e9a4e) Importer(815301076,1909f56bfc062723c751e8b465ee728b)  -> (artifact id: 'eaba14156ddf771774753653d500c8a1') in 0.010457 seconds 
  Import took 0.019650 seconds .

========================================================================
Received Import Request.
  Time since last request: 0.000393 seconds.
  path: Assets/3rdParty/tripolygon/UModeler/Icons/Icon_UVEditor_QuickTransform_RotateNeg90.png
  artifactKey: Guid(d948af0e739356941b4b56026208fe95) Importer(815301076,1909f56bfc062723c751e8b465ee728b)
Start importing Assets/3rdParty/tripolygon/UModeler/Icons/Icon_UVEditor_QuickTransform_RotateNeg90.png using Guid(d948af0e739356941b4b56026208fe95) Importer(815301076,1909f56bfc062723c751e8b465ee728b)  -> (artifact id: 'a4b56d813c05e18c700245015a6335e5') in 0.015015 seconds 
  Import took 0.024928 seconds .

========================================================================
Received Import Request.
  Time since last request: 0.000390 seconds.
  path: Assets/3rdParty/tripolygon/UModeler/Icons/Icon_UVEditor_Arrange_Packing.png
  artifactKey: Guid(249894853605e7a40b9791f21a5451ee) Importer(815301076,1909f56bfc062723c751e8b465ee728b)
Start importing Assets/3rdParty/tripolygon/UModeler/Icons/Icon_UVEditor_Arrange_Packing.png using Guid(249894853605e7a40b9791f21a5451ee) Importer(815301076,1909f56bfc062723c751e8b465ee728b)  -> (artifact id: 'afa959332c844ac4e8fac126a8988b87') in 0.007519 seconds 
  Import took 0.016589 seconds .

========================================================================
Received Prepare
Registering precompiled user dll's ...
Registered in 0.008793 seconds.
Begin MonoManager ReloadAssembly
Symbol file LoadedFromMemory doesn't match image D:\Repos\Code-Hexa\Hexa\Library\PackageCache\com.unity.visualscripting@1.7.3\Editor\VisualScripting.Core\Dependencies\YamlDotNet\Unity.VisualScripting.YamlDotNet.dll
Symbol file LoadedFromMemory doesn't match image D:\Repos\Code-Hexa\Hexa\Library\PackageCache\com.unity.visualscripting@1.7.3\Editor\VisualScripting.Core\Dependencies\DotNetZip\Unity.VisualScripting.IonicZip.dll
Native extension for WindowsStandalone target not found
Refreshing native plugins compatible for Editor in 0.98 ms, found 3 plugins.
Preloading 0 native plugins for Editor in 0.00 ms.
Mono: successfully reloaded assembly
- Completed reload, in  2.426 seconds
Domain Reload Profiling:
	ReloadAssembly (2427ms)
		BeginReloadAssembly (212ms)
			ExecutionOrderSort (0ms)
			DisableScriptedObjects (27ms)
			BackupInstance (0ms)
			ReleaseScriptingObjects (0ms)
			CreateAndSetChildDomain (71ms)
		EndReloadAssembly (2162ms)
			LoadAssemblies (101ms)
			RebuildTransferFunctionScriptingTraits (0ms)
			SetupTypeCache (435ms)
			ReleaseScriptCaches (2ms)
			RebuildScriptCaches (96ms)
			SetupLoadedEditorAssemblies (1294ms)
				LogAssemblyErrors (0ms)
				InitializePlatformSupportModulesInManaged (4ms)
				SetLoadedEditorAssemblies (0ms)
				RefreshPlugins (1ms)
				BeforeProcessingInitializeOnLoad (106ms)
				ProcessInitializeOnLoadAttributes (1156ms)
				ProcessInitializeOnLoadMethodAttributes (23ms)
				AfterProcessingInitializeOnLoad (2ms)
				EditorAssembliesLoaded (0ms)
			ExecutionOrderSort2 (0ms)
			AwakeInstancesAfterBackupRestoration (12ms)
Platform modules already initialized, skipping
Refreshing native plugins compatible for Editor in 1.04 ms, found 3 plugins.
Preloading 0 native plugins for Editor in 0.00 ms.
Unloading 5453 Unused Serialized files (Serialized files now loaded: 0)
System memory in use before: 241.6 MB.
System memory in use after: 242.1 MB.

Unloading 33 unused Assets to reduce memory usage. Loaded Objects now: 6698.
Total: 34.781800 ms (FindLiveObjects: 0.478400 ms CreateObjectMapping: 0.298400 ms MarkObjects: 33.970300 ms  DeleteObjects: 0.033300 ms)

AssetImportParameters requested are different than current active one (requested -> active):
  custom:framework-win-MediaFoundation: 216162199b28c13a410421893ffa2e32 -> 
  custom:video-decoder-ogg-theora: a1e56fd34408186e4bbccfd4996cb3dc -> 
  custom:container-muxer-webm: aa71ff27fc2769a1b78a27578f13a17b -> 
  custom:container-demuxer-webm: 4f35f7cbe854078d1ac9338744f61a02 -> 
  custom:container-demuxer-ogg: 62fdf1f143b41e24485cea50d1cbac27 -> 
  custom:video-encoder-webm-vp8: eb34c28f22e8b96e1ab97ce403110664 -> 
  custom:video-decoder-webm-vp8: 9c59270c3fd7afecdb556c50c9e8de78 -> 
  custom:audio-decoder-ogg-vorbis: bf7c407c2cedff20999df2af8eb42d56 -> 
  custom:audio-encoder-webm-vorbis: bf7c407c2cedff20999df2af8eb42d56 -> 
========================================================================
Received Prepare
Registering precompiled user dll's ...
Registered in 0.008858 seconds.
Begin MonoManager ReloadAssembly
Symbol file LoadedFromMemory doesn't match image D:\Repos\Code-Hexa\Hexa\Library\PackageCache\com.unity.visualscripting@1.7.3\Editor\VisualScripting.Core\Dependencies\YamlDotNet\Unity.VisualScripting.YamlDotNet.dll
Symbol file LoadedFromMemory doesn't match image D:\Repos\Code-Hexa\Hexa\Library\PackageCache\com.unity.visualscripting@1.7.3\Editor\VisualScripting.Core\Dependencies\DotNetZip\Unity.VisualScripting.IonicZip.dll
Native extension for WindowsStandalone target not found
Refreshing native plugins compatible for Editor in 0.99 ms, found 3 plugins.
Preloading 0 native plugins for Editor in 0.00 ms.
Mono: successfully reloaded assembly
- Completed reload, in  2.477 seconds
Domain Reload Profiling:
	ReloadAssembly (2477ms)
		BeginReloadAssembly (138ms)
			ExecutionOrderSort (0ms)
			DisableScriptedObjects (5ms)
			BackupInstance (0ms)
			ReleaseScriptingObjects (0ms)
			CreateAndSetChildDomain (60ms)
		EndReloadAssembly (2285ms)
			LoadAssemblies (100ms)
			RebuildTransferFunctionScriptingTraits (0ms)
			SetupTypeCache (454ms)
			ReleaseScriptCaches (2ms)
			RebuildScriptCaches (98ms)
			SetupLoadedEditorAssemblies (1403ms)
				LogAssemblyErrors (0ms)
				InitializePlatformSupportModulesInManaged (4ms)
				SetLoadedEditorAssemblies (0ms)
				RefreshPlugins (1ms)
				BeforeProcessingInitializeOnLoad (108ms)
				ProcessInitializeOnLoadAttributes (1266ms)
				ProcessInitializeOnLoadMethodAttributes (21ms)
				AfterProcessingInitializeOnLoad (2ms)
				EditorAssembliesLoaded (0ms)
			ExecutionOrderSort2 (0ms)
			AwakeInstancesAfterBackupRestoration (20ms)
Platform modules already initialized, skipping
Refreshing native plugins compatible for Editor in 1.04 ms, found 3 plugins.
Preloading 0 native plugins for Editor in 0.00 ms.
Unloading 5439 Unused Serialized files (Serialized files now loaded: 0)
System memory in use before: 240.9 MB.
System memory in use after: 241.4 MB.

Unloading 33 unused Assets to reduce memory usage. Loaded Objects now: 6700.
Total: 35.840100 ms (FindLiveObjects: 0.905400 ms CreateObjectMapping: 0.302700 ms MarkObjects: 34.600500 ms  DeleteObjects: 0.030500 ms)

AssetImportParameters requested are different than current active one (requested -> active):
  custom:framework-win-MediaFoundation: 216162199b28c13a410421893ffa2e32 -> 
  custom:video-decoder-ogg-theora: a1e56fd34408186e4bbccfd4996cb3dc -> 
  custom:container-muxer-webm: aa71ff27fc2769a1b78a27578f13a17b -> 
  custom:container-demuxer-webm: 4f35f7cbe854078d1ac9338744f61a02 -> 
  custom:container-demuxer-ogg: 62fdf1f143b41e24485cea50d1cbac27 -> 
  custom:video-encoder-webm-vp8: eb34c28f22e8b96e1ab97ce403110664 -> 
  custom:video-decoder-webm-vp8: 9c59270c3fd7afecdb556c50c9e8de78 -> 
  custom:audio-decoder-ogg-vorbis: bf7c407c2cedff20999df2af8eb42d56 -> 
  custom:audio-encoder-webm-vorbis: bf7c407c2cedff20999df2af8eb42d56 -> 
AssetImportWorkerClient::OnTransportError - code=2 error=End of file
